Using pre-set license
Built from '2020.2/release' branch; Version is '2020.2.2f1 (068178b99f32) revision 426360'; Using compiler version '192528614'; Build Type 'Release'
OS: 'Windows 10 Home; OS build 19043.1348; Version 2009; 64bit' Language: 'en' Physical Memory: 7957 MB
BatchMode: 1, IsHumanControllingUs: 0, StartBugReporterOnCrash: 0, Is64bit: 1, IsPro: 0

 COMMAND LINE ARGUMENTS:
C:\Program Files\Unity\Editor\Unity.exe
-adb2
-batchMode
-noUpm
-name
AssetImportWorker0
-projectPath
C:/Users/matthew/Not_Going_To_Shoot_This_Dead_For_Game_Systems
-logFile
Logs/AssetImportWorker0.log
-srvPort
51277
Successfully changed project path to: C:/Users/matthew/Not_Going_To_Shoot_This_Dead_For_Game_Systems
C:/Users/matthew/Not_Going_To_Shoot_This_Dead_For_Game_Systems
Using Asset Import Pipeline V2.
Refreshing native plugins compatible for Editor in 24.61 ms, found 0 plugins.
Preloading 0 native plugins for Editor in 0.00 ms.
Initialize engine version: 2020.2.2f1 (068178b99f32)
[Subsystems] Discovering subsystems at path C:/Program Files/Unity/Editor/Data/Resources/UnitySubsystems
[Subsystems] Discovering subsystems at path C:/Users/matthew/Not_Going_To_Shoot_This_Dead_For_Game_Systems/Assets
GfxDevice: creating device client; threaded=0
Direct3D:
    Version:  Direct3D 11.0 [level 11.1]
    Renderer: Intel(R) Iris(R) Xe Graphics (ID=0x9a49)
    Vendor:   
    VRAM:     3978 MB
    Driver:   30.0.100.9955
Initialize mono
Mono path[0] = 'C:/Program Files/Unity/Editor/Data/Managed'
Mono path[1] = 'C:/Program Files/Unity/Editor/Data/MonoBleedingEdge/lib/mono/unityjit'
Mono config path = 'C:/Program Files/Unity/Editor/Data/MonoBleedingEdge/etc'
Using monoOptions --debugger-agent=transport=dt_socket,embedding=1,server=y,suspend=n,address=127.0.0.1:56076
Begin MonoManager ReloadAssembly
Registering precompiled unity dll's ...
Register platform support module: C:/Program Files/Unity/Editor/Data/PlaybackEngines/WindowsStandaloneSupport/UnityEditor.WindowsStandalone.Extensions.dll
Registered in 0.007132 seconds.
Native extension for WindowsStandalone target not found
Refreshing native plugins compatible for Editor in 18.03 ms, found 0 plugins.
Preloading 0 native plugins for Editor in 0.00 ms.
Invoked RoslynAnalysisRunner static constructor.
RoslynAnalysisRunner will not be running.
RoslynAnalysisRunner has terminated.
Mono: successfully reloaded assembly
- Completed reload, in  1.641 seconds
Platform modules already initialized, skipping
Registering precompiled user dll's ...
Registered in 0.001809 seconds.
Begin MonoManager ReloadAssembly
Native extension for WindowsStandalone target not found
Refreshing native plugins compatible for Editor in 0.18 ms, found 0 plugins.
Preloading 0 native plugins for Editor in 0.00 ms.
Invoked RoslynAnalysisRunner static constructor.
RoslynAnalysisRunner will not be running.
RoslynAnalysisRunner has terminated.
Mono: successfully reloaded assembly
- Completed reload, in  0.845 seconds
Platform modules already initialized, skipping
========================================================================
Worker process is ready to serve import requests
Launched and connected shader compiler UnityShaderCompiler.exe after 0.04 seconds
Refreshing native plugins compatible for Editor in 0.19 ms, found 0 plugins.
Preloading 0 native plugins for Editor in 0.00 ms.
Unloading 1120 Unused Serialized files (Serialized files now loaded: 0)
System memory in use before: 70.2 MB.
System memory in use after: 70.2 MB.

Unloading 10 unused Assets to reduce memory usage. Loaded Objects now: 1581.
Total: 1.865600 ms (FindLiveObjects: 0.188300 ms CreateObjectMapping: 0.062000 ms MarkObjects: 1.502500 ms  DeleteObjects: 0.111300 ms)

========================================================================
Received Import Request.
  path: Assets/Script/NPC/NPCDialogue.cs
  artifactKey: Guid(1fa80ff577454d948be820bdda3be91a) Importer(815301076,1909f56bfc062723c751e8b465ee728b)
Start importing Assets/Script/NPC/NPCDialogue.cs using Guid(1fa80ff577454d948be820bdda3be91a) Importer(815301076,1909f56bfc062723c751e8b465ee728b)  -> (artifact id: '6bba9bb17de60b679a7126c151e0b340') in 0.035097 seconds
  Import took 0.037616 seconds .

========================================================================
Received Prepare
Registering precompiled user dll's ...
Registered in 0.000646 seconds.
Begin MonoManager ReloadAssembly
Native extension for WindowsStandalone target not found
Refreshing native plugins compatible for Editor in 0.17 ms, found 0 plugins.
Preloading 0 native plugins for Editor in 0.00 ms.
Invoked RoslynAnalysisRunner static constructor.
RoslynAnalysisRunner will not be running.
RoslynAnalysisRunner has terminated.
Mono: successfully reloaded assembly
- Completed reload, in  0.700 seconds
Platform modules already initialized, skipping
Refreshing native plugins compatible for Editor in 0.21 ms, found 0 plugins.
Preloading 0 native plugins for Editor in 0.00 ms.
Unloading 1113 Unused Serialized files (Serialized files now loaded: 0)
System memory in use before: 70.5 MB.
System memory in use after: 70.6 MB.

Unloading 6 unused Assets to reduce memory usage. Loaded Objects now: 1582.
Total: 2.075200 ms (FindLiveObjects: 0.142000 ms CreateObjectMapping: 0.043600 ms MarkObjects: 1.817100 ms  DeleteObjects: 0.071400 ms)

========================================================================
Received Import Request.
  Time since last request: 19.710336 seconds.
  path: Assets/Script/NPC/NPC1.cs
  artifactKey: Guid(d7424453db5cb9740bf877ad1cc4b980) Importer(815301076,1909f56bfc062723c751e8b465ee728b)
Start importing Assets/Script/NPC/NPC1.cs using Guid(d7424453db5cb9740bf877ad1cc4b980) Importer(815301076,1909f56bfc062723c751e8b465ee728b)  -> (artifact id: '19c6964a1ec99edc8119ce1ce5b5965c') in 0.011469 seconds
  Import took 0.014101 seconds .

========================================================================
Received Prepare
Registering precompiled user dll's ...
Registered in 0.000644 seconds.
Begin MonoManager ReloadAssembly
Native extension for WindowsStandalone target not found
Refreshing native plugins compatible for Editor in 0.19 ms, found 0 plugins.
Preloading 0 native plugins for Editor in 0.00 ms.
Invoked RoslynAnalysisRunner static constructor.
RoslynAnalysisRunner will not be running.
RoslynAnalysisRunner has terminated.
Mono: successfully reloaded assembly
- Completed reload, in  0.696 seconds
Platform modules already initialized, skipping
Refreshing native plugins compatible for Editor in 0.18 ms, found 0 plugins.
Preloading 0 native plugins for Editor in 0.00 ms.
Unloading 1114 Unused Serialized files (Serialized files now loaded: 0)
System memory in use before: 71.3 MB.
System memory in use after: 71.4 MB.

Unloading 5 unused Assets to reduce memory usage. Loaded Objects now: 1585.
Total: 2.882300 ms (FindLiveObjects: 0.988100 ms CreateObjectMapping: 0.117700 ms MarkObjects: 1.672400 ms  DeleteObjects: 0.102700 ms)

========================================================================
Received Prepare
Registering precompiled user dll's ...
Registered in 0.000720 seconds.
Begin MonoManager ReloadAssembly
Native extension for WindowsStandalone target not found
Refreshing native plugins compatible for Editor in 0.31 ms, found 0 plugins.
Preloading 0 native plugins for Editor in 0.00 ms.
Invoked RoslynAnalysisRunner static constructor.
RoslynAnalysisRunner will not be running.
RoslynAnalysisRunner has terminated.
Mono: successfully reloaded assembly
- Completed reload, in  0.743 seconds
Platform modules already initialized, skipping
Refreshing native plugins compatible for Editor in 0.17 ms, found 0 plugins.
Preloading 0 native plugins for Editor in 0.00 ms.
Unloading 1114 Unused Serialized files (Serialized files now loaded: 0)
System memory in use before: 71.6 MB.
System memory in use after: 71.6 MB.

Unloading 5 unused Assets to reduce memory usage. Loaded Objects now: 1587.
Total: 2.255200 ms (FindLiveObjects: 0.244600 ms CreateObjectMapping: 0.036300 ms MarkObjects: 1.808300 ms  DeleteObjects: 0.163600 ms)

========================================================================
Received Import Request.
  Time since last request: 671.109221 seconds.
  path: Assets/Script/NPC/NPC1.cs
  artifactKey: Guid(d7424453db5cb9740bf877ad1cc4b980) Importer(815301076,1909f56bfc062723c751e8b465ee728b)
Start importing Assets/Script/NPC/NPC1.cs using Guid(d7424453db5cb9740bf877ad1cc4b980) Importer(815301076,1909f56bfc062723c751e8b465ee728b)  -> (artifact id: '8d341f90ebb488348b62e397dc74e070') in 0.012999 seconds
  Import took 0.015528 seconds .

========================================================================
Received Prepare
Registering precompiled user dll's ...
Registered in 0.000716 seconds.
Begin MonoManager ReloadAssembly
Native extension for WindowsStandalone target not found
Refreshing native plugins compatible for Editor in 0.29 ms, found 0 plugins.
Preloading 0 native plugins for Editor in 0.00 ms.
Invoked RoslynAnalysisRunner static constructor.
RoslynAnalysisRunner will not be running.
RoslynAnalysisRunner has terminated.
Mono: successfully reloaded assembly
- Completed reload, in  0.658 seconds
Platform modules already initialized, skipping
Refreshing native plugins compatible for Editor in 0.18 ms, found 0 plugins.
Preloading 0 native plugins for Editor in 0.00 ms.
Unloading 1114 Unused Serialized files (Serialized files now loaded: 0)
System memory in use before: 71.5 MB.
System memory in use after: 71.6 MB.

Unloading 5 unused Assets to reduce memory usage. Loaded Objects now: 1589.
Total: 2.775000 ms (FindLiveObjects: 0.181000 ms CreateObjectMapping: 0.050900 ms MarkObjects: 2.461000 ms  DeleteObjects: 0.080700 ms)

========================================================================
Received Import Request.
  Time since last request: 171.340692 seconds.
  path: Assets/Script/NPC/NPC2.cs
  artifactKey: Guid(b9f71088623afe344b08fc18b5b86a45) Importer(815301076,1909f56bfc062723c751e8b465ee728b)
Start importing Assets/Script/NPC/NPC2.cs using Guid(b9f71088623afe344b08fc18b5b86a45) Importer(815301076,1909f56bfc062723c751e8b465ee728b)  -> (artifact id: 'e729b713fbd7d81c90a243a1370760b1') in 0.011922 seconds
  Import took 0.015507 seconds .

========================================================================
Received Prepare
Registering precompiled user dll's ...
Registered in 0.000692 seconds.
Begin MonoManager ReloadAssembly
Native extension for WindowsStandalone target not found
Refreshing native plugins compatible for Editor in 0.19 ms, found 0 plugins.
Preloading 0 native plugins for Editor in 0.00 ms.
Invoked RoslynAnalysisRunner static constructor.
RoslynAnalysisRunner will not be running.
RoslynAnalysisRunner has terminated.
Mono: successfully reloaded assembly
- Completed reload, in  0.764 seconds
Platform modules already initialized, skipping
Refreshing native plugins compatible for Editor in 0.18 ms, found 0 plugins.
Preloading 0 native plugins for Editor in 0.00 ms.
Unloading 1115 Unused Serialized files (Serialized files now loaded: 0)
System memory in use before: 71.6 MB.
System memory in use after: 71.7 MB.

Unloading 5 unused Assets to reduce memory usage. Loaded Objects now: 1592.
Total: 1.776700 ms (FindLiveObjects: 0.113900 ms CreateObjectMapping: 0.089800 ms MarkObjects: 1.492400 ms  DeleteObjects: 0.079300 ms)

========================================================================
Received Import Request.
  Time since last request: 9.380159 seconds.
  path: Assets/Script/NPC/NPC3.cs
  artifactKey: Guid(b9493ceea71ad86498fcbfce1568e2d5) Importer(815301076,1909f56bfc062723c751e8b465ee728b)
Start importing Assets/Script/NPC/NPC3.cs using Guid(b9493ceea71ad86498fcbfce1568e2d5) Importer(815301076,1909f56bfc062723c751e8b465ee728b)  -> (artifact id: '3e144233127fd55da1abc9394a49688a') in 0.010891 seconds
  Import took 0.013327 seconds .

========================================================================
Received Prepare
Registering precompiled user dll's ...
Registered in 0.001113 seconds.
Begin MonoManager ReloadAssembly
Native extension for WindowsStandalone target not found
Refreshing native plugins compatible for Editor in 0.22 ms, found 0 plugins.
Preloading 0 native plugins for Editor in 0.00 ms.
Invoked RoslynAnalysisRunner static constructor.
RoslynAnalysisRunner will not be running.
RoslynAnalysisRunner has terminated.
Mono: successfully reloaded assembly
- Completed reload, in  0.702 seconds
Platform modules already initialized, skipping
Refreshing native plugins compatible for Editor in 0.20 ms, found 0 plugins.
Preloading 0 native plugins for Editor in 0.00 ms.
Unloading 1116 Unused Serialized files (Serialized files now loaded: 0)
System memory in use before: 71.6 MB.
System memory in use after: 71.7 MB.

Unloading 5 unused Assets to reduce memory usage. Loaded Objects now: 1595.
Total: 2.071900 ms (FindLiveObjects: 0.113100 ms CreateObjectMapping: 0.024000 ms MarkObjects: 1.834000 ms  DeleteObjects: 0.099600 ms)

========================================================================
Received Import Request.
  Time since last request: 11.951917 seconds.
  path: Assets/Script/NPC/NPC4.cs
  artifactKey: Guid(a21877875ce248f4498a4401e295ac27) Importer(815301076,1909f56bfc062723c751e8b465ee728b)
Start importing Assets/Script/NPC/NPC4.cs using Guid(a21877875ce248f4498a4401e295ac27) Importer(815301076,1909f56bfc062723c751e8b465ee728b)  -> (artifact id: '4f1be9c7ac86f554e1218380a2aa6213') in 0.011067 seconds
  Import took 0.014091 seconds .

========================================================================
Received Import Request.
  Time since last request: 0.003928 seconds.
  path: Assets/Script/NPC/NPC4.cs
  artifactKey: Guid(a21877875ce248f4498a4401e295ac27) Importer(815301076,1909f56bfc062723c751e8b465ee728b)
Start importing Assets/Script/NPC/NPC4.cs using Guid(a21877875ce248f4498a4401e295ac27) Importer(815301076,1909f56bfc062723c751e8b465ee728b)  -> (artifact id: '4f1be9c7ac86f554e1218380a2aa6213') in 0.002792 seconds
  Import took 0.004974 seconds .

========================================================================
Received Prepare
Registering precompiled user dll's ...
Registered in 0.000668 seconds.
Begin MonoManager ReloadAssembly
Native extension for WindowsStandalone target not found
Refreshing native plugins compatible for Editor in 0.33 ms, found 0 plugins.
Preloading 0 native plugins for Editor in 0.00 ms.
Invoked RoslynAnalysisRunner static constructor.
RoslynAnalysisRunner will not be running.
RoslynAnalysisRunner has terminated.
Mono: successfully reloaded assembly
- Completed reload, in  0.684 seconds
Platform modules already initialized, skipping
Refreshing native plugins compatible for Editor in 0.18 ms, found 0 plugins.
Preloading 0 native plugins for Editor in 0.00 ms.
Unloading 1117 Unused Serialized files (Serialized files now loaded: 0)
System memory in use before: 71.4 MB.
System memory in use after: 71.5 MB.

Unloading 5 unused Assets to reduce memory usage. Loaded Objects now: 1598.
Total: 1.716200 ms (FindLiveObjects: 0.163500 ms CreateObjectMapping: 0.056100 ms MarkObjects: 1.408000 ms  DeleteObjects: 0.085500 ms)

========================================================================
Received Import Request.
  Time since last request: 23.526799 seconds.
  path: Assets/Script/NPC/Shop.cs
  artifactKey: Guid(3d7770633f4ae8f418e3fc606ebf6188) Importer(815301076,1909f56bfc062723c751e8b465ee728b)
Start importing Assets/Script/NPC/Shop.cs using Guid(3d7770633f4ae8f418e3fc606ebf6188) Importer(815301076,1909f56bfc062723c751e8b465ee728b)  -> (artifact id: '35eab4196639e20612cfa93e3241a28c') in 0.013309 seconds
  Import took 0.017066 seconds .

========================================================================
Received Import Request.
  Time since last request: 0.000667 seconds.
  path: Assets/Script/NPC/Shop.cs
  artifactKey: Guid(3d7770633f4ae8f418e3fc606ebf6188) Importer(815301076,1909f56bfc062723c751e8b465ee728b)
Start importing Assets/Script/NPC/Shop.cs using Guid(3d7770633f4ae8f418e3fc606ebf6188) Importer(815301076,1909f56bfc062723c751e8b465ee728b)  -> (artifact id: '35eab4196639e20612cfa93e3241a28c') in 0.003834 seconds
  Import took 0.006369 seconds .

========================================================================
Received Prepare
Registering precompiled user dll's ...
Registered in 0.000712 seconds.
Begin MonoManager ReloadAssembly
Native extension for WindowsStandalone target not found
Refreshing native plugins compatible for Editor in 0.90 ms, found 0 plugins.
Preloading 0 native plugins for Editor in 0.00 ms.
Invoked RoslynAnalysisRunner static constructor.
RoslynAnalysisRunner will not be running.
RoslynAnalysisRunner has terminated.
Mono: successfully reloaded assembly
- Completed reload, in  0.688 seconds
Platform modules already initialized, skipping
Refreshing native plugins compatible for Editor in 0.18 ms, found 0 plugins.
Preloading 0 native plugins for Editor in 0.00 ms.
Unloading 1118 Unused Serialized files (Serialized files now loaded: 0)
System memory in use before: 71.7 MB.
System memory in use after: 71.8 MB.

Unloading 5 unused Assets to reduce memory usage. Loaded Objects now: 1601.
Total: 1.440700 ms (FindLiveObjects: 0.204100 ms CreateObjectMapping: 0.044400 ms MarkObjects: 1.114300 ms  DeleteObjects: 0.075300 ms)

========================================================================
Received Import Request.
  Time since last request: 9.124977 seconds.
  path: Assets/Script/NPC/SHOP.cs
  artifactKey: Guid(3d7770633f4ae8f418e3fc606ebf6188) Importer(815301076,1909f56bfc062723c751e8b465ee728b)
Start importing Assets/Script/NPC/SHOP.cs using Guid(3d7770633f4ae8f418e3fc606ebf6188) Importer(815301076,1909f56bfc062723c751e8b465ee728b)  -> (artifact id: '8fa1ea021a0d2f5166f176e3bf394245') in 0.009737 seconds
  Import took 0.012545 seconds .

========================================================================
Received Prepare
Registering precompiled user dll's ...
Registered in 0.000907 seconds.
Begin MonoManager ReloadAssembly
Native extension for WindowsStandalone target not found
Refreshing native plugins compatible for Editor in 0.27 ms, found 0 plugins.
Preloading 0 native plugins for Editor in 0.00 ms.
Invoked RoslynAnalysisRunner static constructor.
RoslynAnalysisRunner will not be running.
RoslynAnalysisRunner has terminated.
Mono: successfully reloaded assembly
- Completed reload, in  0.698 seconds
Platform modules already initialized, skipping
Refreshing native plugins compatible for Editor in 0.33 ms, found 0 plugins.
Preloading 0 native plugins for Editor in 0.00 ms.
Unloading 1118 Unused Serialized files (Serialized files now loaded: 0)
System memory in use before: 71.6 MB.
System memory in use after: 71.7 MB.

Unloading 5 unused Assets to reduce memory usage. Loaded Objects now: 1603.
Total: 1.908100 ms (FindLiveObjects: 0.162500 ms CreateObjectMapping: 0.035600 ms MarkObjects: 1.621200 ms  DeleteObjects: 0.087500 ms)

========================================================================
Received Prepare
Registering precompiled user dll's ...
Registered in 0.000651 seconds.
Begin MonoManager ReloadAssembly
Native extension for WindowsStandalone target not found
Refreshing native plugins compatible for Editor in 0.17 ms, found 0 plugins.
Preloading 0 native plugins for Editor in 0.00 ms.
Invoked RoslynAnalysisRunner static constructor.
RoslynAnalysisRunner will not be running.
RoslynAnalysisRunner has terminated.
Mono: successfully reloaded assembly
- Completed reload, in  0.706 seconds
Platform modules already initialized, skipping
Refreshing native plugins compatible for Editor in 0.19 ms, found 0 plugins.
Preloading 0 native plugins for Editor in 0.00 ms.
Unloading 1118 Unused Serialized files (Serialized files now loaded: 0)
System memory in use before: 71.7 MB.
System memory in use after: 71.8 MB.

Unloading 5 unused Assets to reduce memory usage. Loaded Objects now: 1605.
Total: 2.301900 ms (FindLiveObjects: 0.158900 ms CreateObjectMapping: 0.023600 ms MarkObjects: 2.042700 ms  DeleteObjects: 0.075400 ms)

========================================================================
Received Import Request.
  Time since last request: 13.709492 seconds.
  path: Assets/Script/NPC/SHOP.cs
  artifactKey: Guid(3d7770633f4ae8f418e3fc606ebf6188) Importer(815301076,1909f56bfc062723c751e8b465ee728b)
Start importing Assets/Script/NPC/SHOP.cs using Guid(3d7770633f4ae8f418e3fc606ebf6188) Importer(815301076,1909f56bfc062723c751e8b465ee728b)  -> (artifact id: '573149c6378426e062ec579a0478c7a4') in 0.007091 seconds
  Import took 0.010252 seconds .

========================================================================
Received Prepare
Registering precompiled user dll's ...
Registered in 0.000661 seconds.
Begin MonoManager ReloadAssembly
Native extension for WindowsStandalone target not found
Refreshing native plugins compatible for Editor in 0.17 ms, found 0 plugins.
Preloading 0 native plugins for Editor in 0.00 ms.
Invoked RoslynAnalysisRunner static constructor.
RoslynAnalysisRunner will not be running.
RoslynAnalysisRunner has terminated.
Mono: successfully reloaded assembly
- Completed reload, in  0.676 seconds
Platform modules already initialized, skipping
Refreshing native plugins compatible for Editor in 0.19 ms, found 0 plugins.
Preloading 0 native plugins for Editor in 0.00 ms.
Unloading 1118 Unused Serialized files (Serialized files now loaded: 0)
System memory in use before: 71.7 MB.
System memory in use after: 71.8 MB.

Unloading 5 unused Assets to reduce memory usage. Loaded Objects now: 1607.
Total: 1.815900 ms (FindLiveObjects: 0.115800 ms CreateObjectMapping: 0.021400 ms MarkObjects: 1.602200 ms  DeleteObjects: 0.075500 ms)

========================================================================
Received Import Request.
  Time since last request: 111.964735 seconds.
  path: Assets/Script/NPC/NPC2.cs
  artifactKey: Guid(b9f71088623afe344b08fc18b5b86a45) Importer(815301076,1909f56bfc062723c751e8b465ee728b)
Start importing Assets/Script/NPC/NPC2.cs using Guid(b9f71088623afe344b08fc18b5b86a45) Importer(815301076,1909f56bfc062723c751e8b465ee728b)  -> (artifact id: '5bb90659ece67ba156fdd65d30371558') in 0.009165 seconds
  Import took 0.013927 seconds .

========================================================================
Received Prepare
Registering precompiled user dll's ...
Registered in 0.000861 seconds.
Begin MonoManager ReloadAssembly
Native extension for WindowsStandalone target not found
Refreshing native plugins compatible for Editor in 0.22 ms, found 0 plugins.
Preloading 0 native plugins for Editor in 0.00 ms.
Invoked RoslynAnalysisRunner static constructor.
RoslynAnalysisRunner will not be running.
RoslynAnalysisRunner has terminated.
Mono: successfully reloaded assembly
- Completed reload, in  0.716 seconds
Platform modules already initialized, skipping
Refreshing native plugins compatible for Editor in 0.18 ms, found 0 plugins.
Preloading 0 native plugins for Editor in 0.00 ms.
Unloading 1118 Unused Serialized files (Serialized files now loaded: 0)
System memory in use before: 71.4 MB.
System memory in use after: 71.5 MB.

Unloading 5 unused Assets to reduce memory usage. Loaded Objects now: 1609.
Total: 1.689800 ms (FindLiveObjects: 0.132600 ms CreateObjectMapping: 0.024000 ms MarkObjects: 1.450100 ms  DeleteObjects: 0.082200 ms)

========================================================================
Received Import Request.
  Time since last request: 278.566598 seconds.
  path: Assets/Script/NPC/NPC2.cs
  artifactKey: Guid(b9f71088623afe344b08fc18b5b86a45) Importer(815301076,1909f56bfc062723c751e8b465ee728b)
Start importing Assets/Script/NPC/NPC2.cs using Guid(b9f71088623afe344b08fc18b5b86a45) Importer(815301076,1909f56bfc062723c751e8b465ee728b)  -> (artifact id: 'b53ef5cda4ad4e6f4dad3e3e9a7c93fa') in 0.006444 seconds
  Import took 0.008766 seconds .

========================================================================
Received Prepare
Registering precompiled user dll's ...
Registered in 0.000817 seconds.
Begin MonoManager ReloadAssembly
Native extension for WindowsStandalone target not found
Refreshing native plugins compatible for Editor in 0.18 ms, found 0 plugins.
Preloading 0 native plugins for Editor in 0.00 ms.
Invoked RoslynAnalysisRunner static constructor.
RoslynAnalysisRunner will not be running.
RoslynAnalysisRunner has terminated.
Mono: successfully reloaded assembly
- Completed reload, in  0.702 seconds
Platform modules already initialized, skipping
Refreshing native plugins compatible for Editor in 0.19 ms, found 0 plugins.
Preloading 0 native plugins for Editor in 0.00 ms.
Unloading 1118 Unused Serialized files (Serialized files now loaded: 0)
System memory in use before: 71.7 MB.
System memory in use after: 71.8 MB.

Unloading 5 unused Assets to reduce memory usage. Loaded Objects now: 1611.
Total: 1.776200 ms (FindLiveObjects: 0.261400 ms CreateObjectMapping: 0.041400 ms MarkObjects: 1.390200 ms  DeleteObjects: 0.081500 ms)

========================================================================
Received Import Request.
  Time since last request: 168.148278 seconds.
  path: Assets/Script/NPC/SHOP.cs
  artifactKey: Guid(3d7770633f4ae8f418e3fc606ebf6188) Importer(815301076,1909f56bfc062723c751e8b465ee728b)
Start importing Assets/Script/NPC/SHOP.cs using Guid(3d7770633f4ae8f418e3fc606ebf6188) Importer(815301076,1909f56bfc062723c751e8b465ee728b)  -> (artifact id: '5c17cedad43c5ff2e5a090ebbd9afd09') in 0.006282 seconds
  Import took 0.009159 seconds .

========================================================================
Received Prepare
Registering precompiled user dll's ...
Registered in 0.000686 seconds.
Begin MonoManager ReloadAssembly
Native extension for WindowsStandalone target not found
Refreshing native plugins compatible for Editor in 0.17 ms, found 0 plugins.
Preloading 0 native plugins for Editor in 0.00 ms.
Invoked RoslynAnalysisRunner static constructor.
RoslynAnalysisRunner will not be running.
RoslynAnalysisRunner has terminated.
Mono: successfully reloaded assembly
- Completed reload, in  0.657 seconds
Platform modules already initialized, skipping
Refreshing native plugins compatible for Editor in 0.18 ms, found 0 plugins.
Preloading 0 native plugins for Editor in 0.00 ms.
Unloading 1118 Unused Serialized files (Serialized files now loaded: 0)
System memory in use before: 71.6 MB.
System memory in use after: 71.7 MB.

Unloading 5 unused Assets to reduce memory usage. Loaded Objects now: 1613.
Total: 1.242500 ms (FindLiveObjects: 0.124200 ms CreateObjectMapping: 0.030000 ms MarkObjects: 1.006600 ms  DeleteObjects: 0.076400 ms)

========================================================================
Received Import Request.
  Time since last request: 28.044359 seconds.
  path: Assets/Script/NPC/SHOP.cs
  artifactKey: Guid(3d7770633f4ae8f418e3fc606ebf6188) Importer(815301076,1909f56bfc062723c751e8b465ee728b)
Start importing Assets/Script/NPC/SHOP.cs using Guid(3d7770633f4ae8f418e3fc606ebf6188) Importer(815301076,1909f56bfc062723c751e8b465ee728b)  -> (artifact id: '8518c863f22da280d6eea59c30d4235a') in 0.004152 seconds
  Import took 0.006585 seconds .

========================================================================
Received Import Request.
  Time since last request: 6.464036 seconds.
  path: Assets/Script/NPC/Shop.cs
  artifactKey: Guid(3d7770633f4ae8f418e3fc606ebf6188) Importer(815301076,1909f56bfc062723c751e8b465ee728b)
Start importing Assets/Script/NPC/Shop.cs using Guid(3d7770633f4ae8f418e3fc606ebf6188) Importer(815301076,1909f56bfc062723c751e8b465ee728b)  -> (artifact id: '6cdc7679190e0b3e221ca0095e1b942a') in 0.003026 seconds
  Import took 0.005432 seconds .

========================================================================
Received Prepare
Registering precompiled user dll's ...
Registered in 0.000637 seconds.
Begin MonoManager ReloadAssembly
Native extension for WindowsStandalone target not found
Refreshing native plugins compatible for Editor in 0.18 ms, found 0 plugins.
Preloading 0 native plugins for Editor in 0.00 ms.
Invoked RoslynAnalysisRunner static constructor.
RoslynAnalysisRunner will not be running.
RoslynAnalysisRunner has terminated.
Mono: successfully reloaded assembly
- Completed reload, in  0.690 seconds
Platform modules already initialized, skipping
Refreshing native plugins compatible for Editor in 0.19 ms, found 0 plugins.
Preloading 0 native plugins for Editor in 0.00 ms.
Unloading 1118 Unused Serialized files (Serialized files now loaded: 0)
System memory in use before: 71.7 MB.
System memory in use after: 71.8 MB.

Unloading 5 unused Assets to reduce memory usage. Loaded Objects now: 1615.
Total: 1.712900 ms (FindLiveObjects: 0.118000 ms CreateObjectMapping: 0.021800 ms MarkObjects: 1.467900 ms  DeleteObjects: 0.103800 ms)

========================================================================
Received Prepare
Registering precompiled user dll's ...
Registered in 0.000873 seconds.
Begin MonoManager ReloadAssembly
Native extension for WindowsStandalone target not found
Refreshing native plugins compatible for Editor in 0.30 ms, found 0 plugins.
Preloading 0 native plugins for Editor in 0.00 ms.
Invoked RoslynAnalysisRunner static constructor.
RoslynAnalysisRunner will not be running.
RoslynAnalysisRunner has terminated.
Mono: successfully reloaded assembly
- Completed reload, in  0.726 seconds
Platform modules already initialized, skipping
Refreshing native plugins compatible for Editor in 0.18 ms, found 0 plugins.
Preloading 0 native plugins for Editor in 0.00 ms.
Unloading 1118 Unused Serialized files (Serialized files now loaded: 0)
System memory in use before: 71.7 MB.
System memory in use after: 71.8 MB.

Unloading 5 unused Assets to reduce memory usage. Loaded Objects now: 1617.
Total: 1.932600 ms (FindLiveObjects: 0.250300 ms CreateObjectMapping: 0.035200 ms MarkObjects: 1.568700 ms  DeleteObjects: 0.076900 ms)

========================================================================
Received Import Request.
  Time since last request: 199.561183 seconds.
  path: Assets/Script/NPC/SHOP.cs
  artifactKey: Guid(3d7770633f4ae8f418e3fc606ebf6188) Importer(815301076,1909f56bfc062723c751e8b465ee728b)
Start importing Assets/Script/NPC/SHOP.cs using Guid(3d7770633f4ae8f418e3fc606ebf6188) Importer(815301076,1909f56bfc062723c751e8b465ee728b)  -> (artifact id: '20b459d1f8b27946c2063d736e15b924') in 0.006473 seconds
  Import took 0.009764 seconds .

========================================================================
Received Import Request.
  Time since last request: 34.159741 seconds.
  path: Assets/Script/NPC/Shop.cs
  artifactKey: Guid(3d7770633f4ae8f418e3fc606ebf6188) Importer(815301076,1909f56bfc062723c751e8b465ee728b)
Start importing Assets/Script/NPC/Shop.cs using Guid(3d7770633f4ae8f418e3fc606ebf6188) Importer(815301076,1909f56bfc062723c751e8b465ee728b)  -> (artifact id: '37e93602efd35f81e58553544922a53b') in 0.003437 seconds
  Import took 0.005799 seconds .

========================================================================
Received Prepare
Registering precompiled user dll's ...
Registered in 0.000664 seconds.
Begin MonoManager ReloadAssembly
Native extension for WindowsStandalone target not found
Refreshing native plugins compatible for Editor in 0.27 ms, found 0 plugins.
Preloading 0 native plugins for Editor in 0.00 ms.
Invoked RoslynAnalysisRunner static constructor.
RoslynAnalysisRunner will not be running.
RoslynAnalysisRunner has terminated.
Mono: successfully reloaded assembly
- Completed reload, in  0.711 seconds
Platform modules already initialized, skipping
Refreshing native plugins compatible for Editor in 0.19 ms, found 0 plugins.
Preloading 0 native plugins for Editor in 0.00 ms.
Unloading 1118 Unused Serialized files (Serialized files now loaded: 0)
System memory in use before: 71.4 MB.
System memory in use after: 71.5 MB.

Unloading 5 unused Assets to reduce memory usage. Loaded Objects now: 1619.
Total: 2.426100 ms (FindLiveObjects: 0.313100 ms CreateObjectMapping: 0.092100 ms MarkObjects: 1.927600 ms  DeleteObjects: 0.091600 ms)

========================================================================
Received Prepare
Registering precompiled user dll's ...
Registered in 0.000730 seconds.
Begin MonoManager ReloadAssembly
Native extension for WindowsStandalone target not found
Refreshing native plugins compatible for Editor in 0.17 ms, found 0 plugins.
Preloading 0 native plugins for Editor in 0.00 ms.
Invoked RoslynAnalysisRunner static constructor.
RoslynAnalysisRunner will not be running.
RoslynAnalysisRunner has terminated.
Mono: successfully reloaded assembly
- Completed reload, in  0.724 seconds
Platform modules already initialized, skipping
Refreshing native plugins compatible for Editor in 0.17 ms, found 0 plugins.
Preloading 0 native plugins for Editor in 0.00 ms.
Unloading 1118 Unused Serialized files (Serialized files now loaded: 0)
System memory in use before: 71.7 MB.
System memory in use after: 71.8 MB.

Unloading 5 unused Assets to reduce memory usage. Loaded Objects now: 1621.
Total: 2.097300 ms (FindLiveObjects: 0.124400 ms CreateObjectMapping: 0.027900 ms MarkObjects: 1.849900 ms  DeleteObjects: 0.094000 ms)

========================================================================
Received Import Request.
  Time since last request: 245.995192 seconds.
  path: Assets/Script/NPC/SHOP.cs
  artifactKey: Guid(3d7770633f4ae8f418e3fc606ebf6188) Importer(815301076,1909f56bfc062723c751e8b465ee728b)
Start importing Assets/Script/NPC/SHOP.cs using Guid(3d7770633f4ae8f418e3fc606ebf6188) Importer(815301076,1909f56bfc062723c751e8b465ee728b)  -> (artifact id: '2e4a563c94e63c9eb1d883d833ede844') in 0.008852 seconds
  Import took 0.013311 seconds .

========================================================================
Received Prepare
Registering precompiled user dll's ...
Registered in 0.001022 seconds.
Begin MonoManager ReloadAssembly
Native extension for WindowsStandalone target not found
Refreshing native plugins compatible for Editor in 0.33 ms, found 0 plugins.
Preloading 0 native plugins for Editor in 0.00 ms.
Invoked RoslynAnalysisRunner static constructor.
RoslynAnalysisRunner will not be running.
RoslynAnalysisRunner has terminated.
Mono: successfully reloaded assembly
- Completed reload, in  0.729 seconds
Platform modules already initialized, skipping
Refreshing native plugins compatible for Editor in 0.21 ms, found 0 plugins.
Preloading 0 native plugins for Editor in 0.00 ms.
Unloading 1118 Unused Serialized files (Serialized files now loaded: 0)
System memory in use before: 71.6 MB.
System memory in use after: 71.7 MB.

Unloading 5 unused Assets to reduce memory usage. Loaded Objects now: 1623.
Total: 1.962700 ms (FindLiveObjects: 0.149800 ms CreateObjectMapping: 0.024000 ms MarkObjects: 1.712000 ms  DeleteObjects: 0.075800 ms)

========================================================================
Received Import Request.
  Time since last request: 95.917356 seconds.
  path: Assets/Script/NPC/SHOP.cs
  artifactKey: Guid(3d7770633f4ae8f418e3fc606ebf6188) Importer(815301076,1909f56bfc062723c751e8b465ee728b)
Start importing Assets/Script/NPC/SHOP.cs using Guid(3d7770633f4ae8f418e3fc606ebf6188) Importer(815301076,1909f56bfc062723c751e8b465ee728b)  -> (artifact id: '7bfe3a3eb7789b5e73d836eec02bd24e') in 0.004277 seconds
  Import took 0.007209 seconds .

========================================================================
Received Import Request.
  Time since last request: 50.156119 seconds.
  path: Assets/Script/NPC/Shop.cs
  artifactKey: Guid(3d7770633f4ae8f418e3fc606ebf6188) Importer(815301076,1909f56bfc062723c751e8b465ee728b)
Start importing Assets/Script/NPC/Shop.cs using Guid(3d7770633f4ae8f418e3fc606ebf6188) Importer(815301076,1909f56bfc062723c751e8b465ee728b)  -> (artifact id: 'e5c9a30d704bb5824cc0bb019998c6b2') in 0.002429 seconds
  Import took 0.005180 seconds .

========================================================================
Received Prepare
Registering precompiled user dll's ...
Registered in 0.000664 seconds.
Begin MonoManager ReloadAssembly
Native extension for WindowsStandalone target not found
Refreshing native plugins compatible for Editor in 0.17 ms, found 0 plugins.
Preloading 0 native plugins for Editor in 0.00 ms.
Invoked RoslynAnalysisRunner static constructor.
RoslynAnalysisRunner will not be running.
RoslynAnalysisRunner has terminated.
Mono: successfully reloaded assembly
- Completed reload, in  0.704 seconds
Platform modules already initialized, skipping
Refreshing native plugins compatible for Editor in 0.20 ms, found 0 plugins.
Preloading 0 native plugins for Editor in 0.00 ms.
Unloading 1118 Unused Serialized files (Serialized files now loaded: 0)
System memory in use before: 71.7 MB.
System memory in use after: 71.8 MB.

Unloading 5 unused Assets to reduce memory usage. Loaded Objects now: 1625.
Total: 2.407500 ms (FindLiveObjects: 0.217200 ms CreateObjectMapping: 0.055300 ms MarkObjects: 2.011300 ms  DeleteObjects: 0.122000 ms)

========================================================================
Received Prepare
Registering precompiled user dll's ...
Registered in 0.000658 seconds.
Begin MonoManager ReloadAssembly
Native extension for WindowsStandalone target not found
Refreshing native plugins compatible for Editor in 0.17 ms, found 0 plugins.
Preloading 0 native plugins for Editor in 0.00 ms.
Invoked RoslynAnalysisRunner static constructor.
RoslynAnalysisRunner will not be running.
RoslynAnalysisRunner has terminated.
Mono: successfully reloaded assembly
- Completed reload, in  0.698 seconds
Platform modules already initialized, skipping
Refreshing native plugins compatible for Editor in 0.18 ms, found 0 plugins.
Preloading 0 native plugins for Editor in 0.00 ms.
Unloading 1118 Unused Serialized files (Serialized files now loaded: 0)
System memory in use before: 71.7 MB.
System memory in use after: 71.8 MB.

Unloading 5 unused Assets to reduce memory usage. Loaded Objects now: 1627.
Total: 2.041600 ms (FindLiveObjects: 0.115000 ms CreateObjectMapping: 0.029400 ms MarkObjects: 1.822300 ms  DeleteObjects: 0.074000 ms)

========================================================================
Received Prepare
Registering precompiled user dll's ...
Registered in 0.000907 seconds.
Begin MonoManager ReloadAssembly
Native extension for WindowsStandalone target not found
Refreshing native plugins compatible for Editor in 0.20 ms, found 0 plugins.
Preloading 0 native plugins for Editor in 0.00 ms.
Invoked RoslynAnalysisRunner static constructor.
RoslynAnalysisRunner will not be running.
RoslynAnalysisRunner has terminated.
Mono: successfully reloaded assembly
- Completed reload, in  0.757 seconds
Platform modules already initialized, skipping
Refreshing native plugins compatible for Editor in 0.17 ms, found 0 plugins.
Preloading 0 native plugins for Editor in 0.00 ms.
Unloading 1117 Unused Serialized files (Serialized files now loaded: 0)
System memory in use before: 71.4 MB.
System memory in use after: 71.4 MB.

Unloading 6 unused Assets to reduce memory usage. Loaded Objects now: 1628.
Total: 1.585100 ms (FindLiveObjects: 0.141300 ms CreateObjectMapping: 0.034900 ms MarkObjects: 1.289500 ms  DeleteObjects: 0.117700 ms)

========================================================================
Received Prepare
Registering precompiled user dll's ...
Registered in 0.000760 seconds.
Begin MonoManager ReloadAssembly
Native extension for WindowsStandalone target not found
Refreshing native plugins compatible for Editor in 0.17 ms, found 0 plugins.
Preloading 0 native plugins for Editor in 0.00 ms.
Invoked RoslynAnalysisRunner static constructor.
RoslynAnalysisRunner will not be running.
RoslynAnalysisRunner has terminated.
Mono: successfully reloaded assembly
- Completed reload, in  0.734 seconds
Platform modules already initialized, skipping
Refreshing native plugins compatible for Editor in 0.20 ms, found 0 plugins.
Preloading 0 native plugins for Editor in 0.00 ms.
Unloading 1118 Unused Serialized files (Serialized files now loaded: 0)
System memory in use before: 71.7 MB.
System memory in use after: 71.8 MB.

Unloading 5 unused Assets to reduce memory usage. Loaded Objects now: 1631.
Total: 1.981400 ms (FindLiveObjects: 0.193300 ms CreateObjectMapping: 0.026000 ms MarkObjects: 1.669700 ms  DeleteObjects: 0.090900 ms)

========================================================================
Received Prepare
Registering precompiled user dll's ...
Registered in 0.000693 seconds.
Begin MonoManager ReloadAssembly
Native extension for WindowsStandalone target not found
Refreshing native plugins compatible for Editor in 0.18 ms, found 0 plugins.
Preloading 0 native plugins for Editor in 0.00 ms.
Invoked RoslynAnalysisRunner static constructor.
RoslynAnalysisRunner will not be running.
RoslynAnalysisRunner has terminated.
Mono: successfully reloaded assembly
- Completed reload, in  0.714 seconds
Platform modules already initialized, skipping
Refreshing native plugins compatible for Editor in 0.18 ms, found 0 plugins.
Preloading 0 native plugins for Editor in 0.00 ms.
Unloading 1118 Unused Serialized files (Serialized files now loaded: 0)
System memory in use before: 71.6 MB.
System memory in use after: 71.6 MB.

Unloading 5 unused Assets to reduce memory usage. Loaded Objects now: 1633.
Total: 1.406000 ms (FindLiveObjects: 0.108100 ms CreateObjectMapping: 0.027000 ms MarkObjects: 1.153400 ms  DeleteObjects: 0.116100 ms)

========================================================================
Received Import Request.
  Time since last request: 56.211388 seconds.
  path: Assets/Script/NPC/Shop.cs
  artifactKey: Guid(3d7770633f4ae8f418e3fc606ebf6188) Importer(815301076,1909f56bfc062723c751e8b465ee728b)
Start importing Assets/Script/NPC/Shop.cs using Guid(3d7770633f4ae8f418e3fc606ebf6188) Importer(815301076,1909f56bfc062723c751e8b465ee728b)  -> (artifact id: 'ce49b0d7488f1b2bd707deaaeb5889b9') in 0.004724 seconds
  Import took 0.007204 seconds .

========================================================================
Received Prepare
Registering precompiled user dll's ...
Registered in 0.000832 seconds.
Begin MonoManager ReloadAssembly
Native extension for WindowsStandalone target not found
Refreshing native plugins compatible for Editor in 0.23 ms, found 0 plugins.
Preloading 0 native plugins for Editor in 0.00 ms.
Invoked RoslynAnalysisRunner static constructor.
RoslynAnalysisRunner will not be running.
RoslynAnalysisRunner has terminated.
Mono: successfully reloaded assembly
- Completed reload, in  0.735 seconds
Platform modules already initialized, skipping
Refreshing native plugins compatible for Editor in 0.22 ms, found 0 plugins.
Preloading 0 native plugins for Editor in 0.00 ms.
Unloading 1118 Unused Serialized files (Serialized files now loaded: 0)
System memory in use before: 71.7 MB.
System memory in use after: 71.8 MB.

Unloading 5 unused Assets to reduce memory usage. Loaded Objects now: 1635.
Total: 2.010900 ms (FindLiveObjects: 0.137900 ms CreateObjectMapping: 0.045000 ms MarkObjects: 1.684900 ms  DeleteObjects: 0.141300 ms)

========================================================================
Received Prepare
Registering precompiled user dll's ...
Registered in 0.000662 seconds.
Begin MonoManager ReloadAssembly
Native extension for WindowsStandalone target not found
Refreshing native plugins compatible for Editor in 0.17 ms, found 0 plugins.
Preloading 0 native plugins for Editor in 0.00 ms.
Invoked RoslynAnalysisRunner static constructor.
RoslynAnalysisRunner will not be running.
RoslynAnalysisRunner has terminated.
Mono: successfully reloaded assembly
- Completed reload, in  0.738 seconds
Platform modules already initialized, skipping
Refreshing native plugins compatible for Editor in 0.19 ms, found 0 plugins.
Preloading 0 native plugins for Editor in 0.00 ms.
Unloading 1118 Unused Serialized files (Serialized files now loaded: 0)
System memory in use before: 71.8 MB.
System memory in use after: 71.8 MB.

Unloading 5 unused Assets to reduce memory usage. Loaded Objects now: 1637.
Total: 1.888000 ms (FindLiveObjects: 0.141300 ms CreateObjectMapping: 0.022200 ms MarkObjects: 1.644600 ms  DeleteObjects: 0.078500 ms)

========================================================================
Received Import Request.
  Time since last request: 734.856895 seconds.
  path: Assets/Script/NPC/NPC3.cs
  artifactKey: Guid(b9493ceea71ad86498fcbfce1568e2d5) Importer(815301076,1909f56bfc062723c751e8b465ee728b)
Start importing Assets/Script/NPC/NPC3.cs using Guid(b9493ceea71ad86498fcbfce1568e2d5) Importer(815301076,1909f56bfc062723c751e8b465ee728b)  -> (artifact id: 'bb9b8c4d138a42c5ab294dd40d328f30') in 0.005082 seconds
  Import took 0.007206 seconds .

========================================================================
Received Prepare
Registering precompiled user dll's ...
Registered in 0.000816 seconds.
Begin MonoManager ReloadAssembly
Native extension for WindowsStandalone target not found
Refreshing native plugins compatible for Editor in 0.20 ms, found 0 plugins.
Preloading 0 native plugins for Editor in 0.00 ms.
Invoked RoslynAnalysisRunner static constructor.
RoslynAnalysisRunner will not be running.
RoslynAnalysisRunner has terminated.
Mono: successfully reloaded assembly
- Completed reload, in  0.737 seconds
Platform modules already initialized, skipping
Refreshing native plugins compatible for Editor in 0.19 ms, found 0 plugins.
Preloading 0 native plugins for Editor in 0.00 ms.
Unloading 1118 Unused Serialized files (Serialized files now loaded: 0)
System memory in use before: 71.4 MB.
System memory in use after: 71.4 MB.

Unloading 5 unused Assets to reduce memory usage. Loaded Objects now: 1639.
Total: 1.615400 ms (FindLiveObjects: 0.126800 ms CreateObjectMapping: 0.027500 ms MarkObjects: 1.366200 ms  DeleteObjects: 0.093800 ms)

========================================================================
Received Import Request.
  Time since last request: 179.335389 seconds.
  path: Assets/Script/NPC/NPC4.cs
  artifactKey: Guid(a21877875ce248f4498a4401e295ac27) Importer(815301076,1909f56bfc062723c751e8b465ee728b)
Start importing Assets/Script/NPC/NPC4.cs using Guid(a21877875ce248f4498a4401e295ac27) Importer(815301076,1909f56bfc062723c751e8b465ee728b)  -> (artifact id: '5e041c12c0546cdbfc5b38cc2fcd8eaa') in 0.010407 seconds
  Import took 0.012673 seconds .

========================================================================
Received Import Request.
  Time since last request: 188.465651 seconds.
  path: Assets/Script/NPC/NPC-Sense (4).prefab
  artifactKey: Guid(b7a5958a2d7403b42a719fbfaf52b824) Importer(815301076,1909f56bfc062723c751e8b465ee728b)
Start importing Assets/Script/NPC/NPC-Sense (4).prefab using Guid(b7a5958a2d7403b42a719fbfaf52b824) Importer(815301076,1909f56bfc062723c751e8b465ee728b)  -> (artifact id: '911b0350c5e2d0f7e9a612b6bff60340') in 0.117621 seconds
  Import took 0.119873 seconds .

========================================================================
Received Prepare
Registering precompiled user dll's ...
Registered in 0.000914 seconds.
Begin MonoManager ReloadAssembly
Native extension for WindowsStandalone target not found
Refreshing native plugins compatible for Editor in 0.23 ms, found 0 plugins.
Preloading 0 native plugins for Editor in 0.00 ms.
Invoked RoslynAnalysisRunner static constructor.
RoslynAnalysisRunner will not be running.
RoslynAnalysisRunner has terminated.
Mono: successfully reloaded assembly
- Completed reload, in  0.725 seconds
Platform modules already initialized, skipping
Refreshing native plugins compatible for Editor in 0.18 ms, found 0 plugins.
Preloading 0 native plugins for Editor in 0.00 ms.
Unloading 1118 Unused Serialized files (Serialized files now loaded: 0)
System memory in use before: 74.9 MB.
System memory in use after: 75.0 MB.

Unloading 5 unused Assets to reduce memory usage. Loaded Objects now: 1649.
Total: 1.977000 ms (FindLiveObjects: 0.227200 ms CreateObjectMapping: 0.041400 ms MarkObjects: 1.560600 ms  DeleteObjects: 0.146300 ms)

========================================================================
Received Prepare
Registering precompiled user dll's ...
Registered in 0.000870 seconds.
Begin MonoManager ReloadAssembly
Native extension for WindowsStandalone target not found
Refreshing native plugins compatible for Editor in 0.20 ms, found 0 plugins.
Preloading 0 native plugins for Editor in 0.00 ms.
Invoked RoslynAnalysisRunner static constructor.
RoslynAnalysisRunner will not be running.
RoslynAnalysisRunner has terminated.
Mono: successfully reloaded assembly
- Completed reload, in  0.696 seconds
Platform modules already initialized, skipping
Refreshing native plugins compatible for Editor in 0.18 ms, found 0 plugins.
Preloading 0 native plugins for Editor in 0.00 ms.
Unloading 1118 Unused Serialized files (Serialized files now loaded: 0)
System memory in use before: 74.7 MB.
System memory in use after: 74.8 MB.

Unloading 5 unused Assets to reduce memory usage. Loaded Objects now: 1651.
Total: 1.730700 ms (FindLiveObjects: 0.189500 ms CreateObjectMapping: 0.032800 ms MarkObjects: 1.403200 ms  DeleteObjects: 0.103700 ms)

========================================================================
Received Prepare
Registering precompiled user dll's ...
Registered in 0.000685 seconds.
Begin MonoManager ReloadAssembly
Native extension for WindowsStandalone target not found
Refreshing native plugins compatible for Editor in 0.19 ms, found 0 plugins.
Preloading 0 native plugins for Editor in 0.00 ms.
Invoked RoslynAnalysisRunner static constructor.
RoslynAnalysisRunner will not be running.
RoslynAnalysisRunner has terminated.
Mono: successfully reloaded assembly
- Completed reload, in  0.697 seconds
Platform modules already initialized, skipping
Refreshing native plugins compatible for Editor in 0.18 ms, found 0 plugins.
Preloading 0 native plugins for Editor in 0.00 ms.
Unloading 1118 Unused Serialized files (Serialized files now loaded: 0)
System memory in use before: 74.9 MB.
System memory in use after: 75.0 MB.

Unloading 5 unused Assets to reduce memory usage. Loaded Objects now: 1653.
Total: 1.415300 ms (FindLiveObjects: 0.121600 ms CreateObjectMapping: 0.025800 ms MarkObjects: 1.186900 ms  DeleteObjects: 0.080000 ms)

========================================================================
Received Prepare
Registering precompiled user dll's ...
Registered in 0.000700 seconds.
Begin MonoManager ReloadAssembly
Native extension for WindowsStandalone target not found
Refreshing native plugins compatible for Editor in 0.19 ms, found 0 plugins.
Preloading 0 native plugins for Editor in 0.00 ms.
Invoked RoslynAnalysisRunner static constructor.
RoslynAnalysisRunner will not be running.
RoslynAnalysisRunner has terminated.
Mono: successfully reloaded assembly
- Completed reload, in  0.724 seconds
Platform modules already initialized, skipping
Refreshing native plugins compatible for Editor in 0.18 ms, found 0 plugins.
Preloading 0 native plugins for Editor in 0.00 ms.
Unloading 1118 Unused Serialized files (Serialized files now loaded: 0)
System memory in use before: 74.9 MB.
System memory in use after: 75.0 MB.

Unloading 5 unused Assets to reduce memory usage. Loaded Objects now: 1655.
Total: 1.750300 ms (FindLiveObjects: 0.235900 ms CreateObjectMapping: 0.038400 ms MarkObjects: 1.342700 ms  DeleteObjects: 0.131700 ms)

========================================================================
Received Prepare
Registering precompiled user dll's ...
Registered in 0.001367 seconds.
Begin MonoManager ReloadAssembly
Native extension for WindowsStandalone target not found
Refreshing native plugins compatible for Editor in 0.18 ms, found 0 plugins.
Preloading 0 native plugins for Editor in 0.00 ms.
Invoked RoslynAnalysisRunner static constructor.
RoslynAnalysisRunner will not be running.
RoslynAnalysisRunner has terminated.
Mono: successfully reloaded assembly
- Completed reload, in  0.719 seconds
Platform modules already initialized, skipping
Refreshing native plugins compatible for Editor in 0.19 ms, found 0 plugins.
Preloading 0 native plugins for Editor in 0.00 ms.
Unloading 1118 Unused Serialized files (Serialized files now loaded: 0)
System memory in use before: 74.9 MB.
System memory in use after: 75.0 MB.

Unloading 5 unused Assets to reduce memory usage. Loaded Objects now: 1657.
Total: 1.767900 ms (FindLiveObjects: 0.136300 ms CreateObjectMapping: 0.028900 ms MarkObjects: 1.511600 ms  DeleteObjects: 0.089900 ms)

AssetImportWorkerClient::OnTransportError - code=2 error=End of file
